1587645724845	mozrunner::runner	INFO	Running command: "C:\\Program Files (x86)\\Mozilla Firefox\\firefox.exe" "-marionette" "-foreground" "-no-remote" "-profile" "C:\\Users\\SKADIY~1\\AppData\\Local\\Temp\\rust_mozprofile6saPHI"
1587645725335	addons.webextension.doh-rollout@mozilla.org	WARN	Loading extension 'doh-rollout@mozilla.org': Reading manifest: Invalid extension permission: networkStatus
1587645725366	addons.webextension.screenshots@mozilla.org	WARN	Loading extension 'screenshots@mozilla.org': Reading manifest: Invalid extension permission: mozillaAddons
1587645725366	addons.webextension.screenshots@mozilla.org	WARN	Loading extension 'screenshots@mozilla.org': Reading manifest: Invalid extension permission: telemetry
1587645725370	addons.webextension.screenshots@mozilla.org	WARN	Loading extension 'screenshots@mozilla.org': Reading manifest: Invalid extension permission: resource://pdf.js/
1587645725370	addons.webextension.screenshots@mozilla.org	WARN	Loading extension 'screenshots@mozilla.org': Reading manifest: Invalid extension permission: about:reader*
JavaScript error: resource://gre/modules/XULStore.jsm, line 66: Error: Can't find profile directory.
1587645727313	Marionette	INFO	Listening on port 58285
1587645727582	Marionette	WARN	TLS certificate errors will be ignored for this session
JavaScript error: , line 0: TypeError: NetworkError when attempting to fetch resource.
JavaScript error: , line 0: TypeError: NetworkError when attempting to fetch resource.
JavaScript error: , line 0: TypeError: NetworkError when attempting to fetch resource.
JavaScript error: , line 0: TypeError: NetworkError when attempting to fetch resource.
JavaScript error: , line 0: TypeError: NetworkError when attempting to fetch resource.
JavaScript error: , line 0: TypeError: NetworkError when attempting to fetch resource.
JavaScript error: , line 0: TypeError: NetworkError when attempting to fetch resource.
JavaScript error: , line 0: TypeError: NetworkError when attempting to fetch resource.
SourceActor threw an exception: [Exception... "Failed to open input source 'javascript:void(false)'"  nsresult: "0x80040111 (NS_ERROR_NOT_AVAILABLE)"  location: "JS frame :: resource://devtools/shared/DevToolsUtils.js :: mainThreadFetch/< :: line 680"  data: yes]
Stack: mainThreadFetch/<@resource://devtools/shared/DevToolsUtils.js:680:15
mainThreadFetch@resource://devtools/shared/DevToolsUtils.js:530:10
_fetchURLContents@resource://devtools/server/actors/utils/TabSources.js:580:22
urlContents@resource://devtools/server/actors/utils/TabSources.js:547:17
_resurrectSource@resource://devtools/server/actors/thread.js:1934:69
addAllSources@resource://devtools/server/actors/thread.js:1316:14
onSources@resource://devtools/server/actors/thread.js:1322:10
onPacket@resource://devtools/server/devtools-server-connection.js:380:58
receiveMessage@resource://devtools/shared/transport/child-transport.js:66:16
Line: 680, column: 0
console.error: ({})
JavaScript error: resource://devtools/shared/DevToolsUtils.js, line 680: NS_ERROR_NOT_AVAILABLE: Failed to open input source 'javascript:void(false)'
SourceActor threw an exception: Error: Failed to fetch https://images-eu.ssl-images-amazon.com/images/I/61-6nKPKyWL.js?AUIClients/AmazonUIjQuery. Code 2153390069.
Stack: onResponse@resource://devtools/shared/DevToolsUtils.js:568:16
onStopRequest@resource://gre/modules/NetUtil.jsm:128:18
Line: 568, column: 16
console.error: (new Error("Failed to fetch https://images-eu.ssl-images-amazon.com/images/I/61-6nKPKyWL.js?AUIClients/AmazonUIjQuery. Code 2153390069.", "resource://devtools/shared/DevToolsUtils.js", 568))
JavaScript error: resource://devtools/shared/DevToolsUtils.js, line 568: Error: Failed to fetch https://images-eu.ssl-images-amazon.com/images/I/61-6nKPKyWL.js?AUIClients/AmazonUIjQuery. Code 2153390069.
SourceActor threw an exception: Error: Failed to fetch https://images-eu.ssl-images-amazon.com/images/I/11-BZEJ8lnL._RC|61xmyjKeOpL.js,21Of0-9HPCL.js,012FVc3131L.js,11S5WBtBslL.js,51CF7BmbF2L.js,11AHlQhPRjL.js,016iHgpF74L.js,11aNYFFS5hL.js,116tgw9TSaL.js,211-p4GRUCL.js,01PoLXBDXWL.js,61T+-V2AS0L.js,01ezj5Rkz1L.js,11BOgvnnntL.js,31UWuPgtTtL.js,01rpauTep4L.js,01iyxuSGj4L.js,01tYQ-bF8IL.js_.js?AUIClients/AmazonUI. Code 2153390069.
Stack: onResponse@resource://devtools/shared/DevToolsUtils.js:568:16
onStopRequest@resource://gre/modules/NetUtil.jsm:128:18
Line: 568, column: 16
console.error: (new Error("Failed to fetch https://images-eu.ssl-images-amazon.com/images/I/11-BZEJ8lnL._RC|61xmyjKeOpL.js,21Of0-9HPCL.js,012FVc3131L.js,11S5WBtBslL.js,51CF7BmbF2L.js,11AHlQhPRjL.js,016iHgpF74L.js,11aNYFFS5hL.js,116tgw9TSaL.js,211-p4GRUCL.js,01PoLXBDXWL.js,61T+-V2AS0L.js,01ezj5Rkz1L.js,11BOgvnnntL.js,31UWuPgtTtL.js,01rpauTep4L.js,01iyxuSGj4L.js,01tYQ-bF8IL.js_.js?AUIClients/AmazonUI. Code 2153390069.", "resource://devtools/shared/DevToolsUtils.js", 568))
JavaScript error: resource://devtools/shared/DevToolsUtils.js, line 568: Error: Failed to fetch https://images-eu.ssl-images-amazon.com/images/I/11-BZEJ8lnL._RC|61xmyjKeOpL.js,21Of0-9HPCL.js,012FVc3131L.js,11S5WBtBslL.js,51CF7BmbF2L.js,11AHlQhPRjL.js,016iHgpF74L.js,11aNYFFS5hL.js,116tgw9TSaL.js,211-p4GRUCL.js,01PoLXBDXWL.js,61T+-V2AS0L.js,01ezj5Rkz1L.js,11BOgvnnntL.js,31UWuPgtTtL.js,01rpauTep4L.js,01iyxuSGj4L.js,01tYQ-bF8IL.js_.js?AUIClients/AmazonUI. Code 2153390069.
console.error: "Error while calling actor 'layout's method 'getGrids'" "node is null"
console.error: "getGrids@resource://devtools/server/actors/layout.js:502:26\ngetGrids@resource://devtools/server/actors/layout.js:507:43\nhandler@resource://devtools/shared/protocol/Actor.js:154:37\nonPacket@resource://devtools/server/devtools-server-connection.js:380:58\nreceiveMessage@resource://devtools/shared/transport/child-transport.js:66:16\n"

###!!! [Child][MessageChannel] Error: (msgtype=0x58000D,name=PHttpChannel::Msg_DeletingChannel) Channel closing: too late to send/recv, messages will be lost


###!!! [Child][RunMessage] Error: Channel closing: too late to send/recv, messages will be lost


###!!! [Child][RunMessage] Error: Channel closing: too late to send/recv, messages will be lost

1587646038656	Marionette	INFO	Stopped listening on port 58285

###!!! [Child][RunMessage] Error: Channel closing: too late to send/recv, messages will be lost


###!!! [Child][MessageChannel::SendAndWait] Error: Channel error: cannot send/recv

